<?xml version="1.0" encoding="UTF-8"?>
<coverage generated="1688320779875" clover="3.2.0">
  <project timestamp="1688320779875" name="All files">
    <metrics statements="11" coveredstatements="11" conditionals="1" coveredconditionals="1" methods="2" coveredmethods="2" elements="14" coveredelements="14" complexity="0" loc="11" ncloc="11" packages="1" files="1" classes="1"/>
    <file name="index.ts" path="/home/shafi/My_Works/JavaScript/NodeJS/chunk_array_package/src/index.ts">
      <metrics statements="11" coveredstatements="11" conditionals="1" coveredconditionals="1" methods="2" coveredmethods="2"/>
      <line num="7" count="2" type="stmt"/>
      <line num="8" count="6" type="cond" truecount="1" falsecount="0"/>
      <line num="9" count="4" type="stmt"/>
      <line num="10" count="4" type="stmt"/>
      <line num="11" count="4" type="stmt"/>
      <line num="12" count="5" type="stmt"/>
      <line num="13" count="5" type="stmt"/>
      <line num="14" count="5" type="stmt"/>
      <line num="17" count="4" type="stmt"/>
      <line num="20" count="2" type="stmt"/>
      <line num="21" count="6" type="stmt"/>
    </file>
  </project>
</coverage>
