{"/home/shafi/My_Works/JavaScript/NodeJS/chunk_array_package/src/index.ts": {"path":"/home/shafi/My_Works/JavaScript/NodeJS/chunk_array_package/src/index.ts","statementMap":{"0":{"start":{"line":7,"column":21},"end":{"line":18,"column":1}},"1":{"start":{"line":8,"column":2},"end":{"line":8,"column":63}},"2":{"start":{"line":8,"column":17},"end":{"line":8,"column":63}},"3":{"start":{"line":9,"column":24},"end":{"line":9,"column":26}},"4":{"start":{"line":10,"column":14},"end":{"line":10,"column":15}},"5":{"start":{"line":11,"column":2},"end":{"line":15,"column":null}},"6":{"start":{"line":12,"column":18},"end":{"line":12,"column":48}},"7":{"start":{"line":13,"column":4},"end":{"line":13,"column":23}},"8":{"start":{"line":14,"column":4},"end":{"line":14,"column":18}},"9":{"start":{"line":17,"column":2},"end":{"line":17,"column":16}},"10":{"start":{"line":7,"column":13},"end":{"line":7,"column":21}},"11":{"start":{"line":20,"column":23},"end":{"line":22,"column":1}},"12":{"start":{"line":21,"column":2},"end":{"line":21,"column":35}},"13":{"start":{"line":20,"column":13},"end":{"line":20,"column":23}}},"fnMap":{"0":{"name":"(anonymous_0)","decl":{"start":{"line":7,"column":21},"end":{"line":7,"column":25}},"loc":{"start":{"line":7,"column":47},"end":{"line":18,"column":1}}},"1":{"name":"(anonymous_1)","decl":{"start":{"line":20,"column":23},"end":{"line":20,"column":27}},"loc":{"start":{"line":20,"column":37},"end":{"line":22,"column":1}}}},"branchMap":{"0":{"loc":{"start":{"line":8,"column":2},"end":{"line":8,"column":63}},"type":"if","locations":[{"start":{"line":8,"column":2},"end":{"line":8,"column":63}}]}},"s":{"0":2,"1":6,"2":2,"3":4,"4":4,"5":4,"6":5,"7":5,"8":5,"9":4,"10":2,"11":2,"12":6,"13":2},"f":{"0":6,"1":6},"b":{"0":[2]}}
}
